{"/home/seneca/Main/Study/8 sem/SystemAnalysis/AeroGuys/frontend/src/api/aircraft.ts": {"path":"/home/seneca/Main/Study/8 sem/SystemAnalysis/AeroGuys/frontend/src/api/aircraft.ts","statementMap":{"0":{"start":{"line":15,"column":19},"end":{"line":15,"column":null}},"1":{"start":{"line":16,"column":2},"end":{"line":16,"column":null}},"2":{"start":{"line":21,"column":19},"end":{"line":21,"column":null}},"3":{"start":{"line":22,"column":2},"end":{"line":22,"column":null}},"4":{"start":{"line":27,"column":19},"end":{"line":27,"column":null}},"5":{"start":{"line":28,"column":2},"end":{"line":28,"column":null}},"6":{"start":{"line":33,"column":19},"end":{"line":33,"column":null}},"7":{"start":{"line":34,"column":2},"end":{"line":34,"column":null}},"8":{"start":{"line":39,"column":19},"end":{"line":39,"column":null}},"9":{"start":{"line":40,"column":2},"end":{"line":40,"column":null}},"10":{"start":{"line":45,"column":19},"end":{"line":45,"column":null}},"11":{"start":{"line":46,"column":2},"end":{"line":46,"column":null}},"12":{"start":{"line":54,"column":19},"end":{"line":54,"column":null}},"13":{"start":{"line":55,"column":2},"end":{"line":55,"column":null}},"14":{"start":{"line":60,"column":19},"end":{"line":60,"column":null}},"15":{"start":{"line":61,"column":2},"end":{"line":61,"column":null}},"16":{"start":{"line":66,"column":19},"end":{"line":66,"column":null}},"17":{"start":{"line":67,"column":2},"end":{"line":67,"column":null}},"18":{"start":{"line":72,"column":19},"end":{"line":72,"column":null}},"19":{"start":{"line":73,"column":2},"end":{"line":73,"column":null}},"20":{"start":{"line":78,"column":19},"end":{"line":78,"column":null}},"21":{"start":{"line":79,"column":2},"end":{"line":79,"column":null}},"22":{"start":{"line":84,"column":19},"end":{"line":84,"column":null}},"23":{"start":{"line":85,"column":2},"end":{"line":85,"column":null}},"24":{"start":{"line":90,"column":19},"end":{"line":90,"column":null}},"25":{"start":{"line":91,"column":2},"end":{"line":91,"column":null}},"26":{"start":{"line":96,"column":19},"end":{"line":96,"column":null}},"27":{"start":{"line":97,"column":2},"end":{"line":97,"column":null}},"28":{"start":{"line":102,"column":19},"end":{"line":102,"column":null}},"29":{"start":{"line":103,"column":2},"end":{"line":103,"column":null}}},"fnMap":{"0":{"name":"getPositions","decl":{"start":{"line":10,"column":22},"end":{"line":10,"column":35}},"loc":{"start":{"line":14,"column":32},"end":{"line":17,"column":null}},"line":14},"1":{"name":"getByCallsign","decl":{"start":{"line":20,"column":22},"end":{"line":20,"column":36}},"loc":{"start":{"line":20,"column":81},"end":{"line":23,"column":null}},"line":20},"2":{"name":"getAircraftTypes","decl":{"start":{"line":26,"column":22},"end":{"line":26,"column":39}},"loc":{"start":{"line":26,"column":105},"end":{"line":29,"column":null}},"line":26},"3":{"name":"getAltitudeProfile","decl":{"start":{"line":32,"column":22},"end":{"line":32,"column":71}},"loc":{"start":{"line":32,"column":71},"end":{"line":35,"column":null}},"line":32},"4":{"name":"getUnidentifiedAircraft","decl":{"start":{"line":38,"column":22},"end":{"line":38,"column":46}},"loc":{"start":{"line":38,"column":104},"end":{"line":41,"column":null}},"line":38},"5":{"name":"getBusinessAviation","decl":{"start":{"line":44,"column":22},"end":{"line":44,"column":42}},"loc":{"start":{"line":44,"column":100},"end":{"line":47,"column":null}},"line":44},"6":{"name":"getExtremeVerticalRates","decl":{"start":{"line":50,"column":22},"end":{"line":50,"column":46}},"loc":{"start":{"line":53,"column":35},"end":{"line":56,"column":null}},"line":53},"7":{"name":"getSpeedDistribution","decl":{"start":{"line":59,"column":22},"end":{"line":59,"column":69}},"loc":{"start":{"line":59,"column":69},"end":{"line":62,"column":null}},"line":59},"8":{"name":"getAltitudeDistribution","decl":{"start":{"line":65,"column":22},"end":{"line":65,"column":75}},"loc":{"start":{"line":65,"column":75},"end":{"line":68,"column":null}},"line":65},"9":{"name":"getCountryDistribution","decl":{"start":{"line":71,"column":22},"end":{"line":71,"column":45}},"loc":{"start":{"line":71,"column":99},"end":{"line":74,"column":null}},"line":71},"10":{"name":"getSnapshotStats","decl":{"start":{"line":77,"column":22},"end":{"line":77,"column":65}},"loc":{"start":{"line":77,"column":65},"end":{"line":80,"column":null}},"line":77},"11":{"name":"getFlightPhases","decl":{"start":{"line":83,"column":22},"end":{"line":83,"column":64}},"loc":{"start":{"line":83,"column":64},"end":{"line":86,"column":null}},"line":83},"12":{"name":"getAircraftUsage","decl":{"start":{"line":89,"column":22},"end":{"line":89,"column":39}},"loc":{"start":{"line":89,"column":106},"end":{"line":92,"column":null}},"line":89},"13":{"name":"getAircraftRoutes","decl":{"start":{"line":95,"column":22},"end":{"line":95,"column":40}},"loc":{"start":{"line":95,"column":126},"end":{"line":98,"column":null}},"line":95},"14":{"name":"getAircraftHistory","decl":{"start":{"line":101,"column":22},"end":{"line":101,"column":41}},"loc":{"start":{"line":101,"column":112},"end":{"line":104,"column":null}},"line":101}},"branchMap":{},"s":{"0":4,"1":3,"2":2,"3":2,"4":1,"5":1,"6":0,"7":0,"8":0,"9":0,"10":0,"11":0,"12":0,"13":0,"14":0,"15":0,"16":0,"17":0,"18":0,"19":0,"20":0,"21":0,"22":0,"23":0,"24":0,"25":0,"26":0,"27":0,"28":0,"29":0},"f":{"0":4,"1":2,"2":1,"3":0,"4":0,"5":0,"6":0,"7":0,"8":0,"9":0,"10":0,"11":0,"12":0,"13":0,"14":0},"b":{},"meta":{"lastBranch":0,"lastFunction":15,"lastStatement":30,"seen":{"f:10:22:10:35":0,"s:15:19:15:Infinity":0,"s:16:2:16:Infinity":1,"f:20:22:20:36":1,"s:21:19:21:Infinity":2,"s:22:2:22:Infinity":3,"f:26:22:26:39":2,"s:27:19:27:Infinity":4,"s:28:2:28:Infinity":5,"f:32:22:32:71":3,"s:33:19:33:Infinity":6,"s:34:2:34:Infinity":7,"f:38:22:38:46":4,"s:39:19:39:Infinity":8,"s:40:2:40:Infinity":9,"f:44:22:44:42":5,"s:45:19:45:Infinity":10,"s:46:2:46:Infinity":11,"f:50:22:50:46":6,"s:54:19:54:Infinity":12,"s:55:2:55:Infinity":13,"f:59:22:59:69":7,"s:60:19:60:Infinity":14,"s:61:2:61:Infinity":15,"f:65:22:65:75":8,"s:66:19:66:Infinity":16,"s:67:2:67:Infinity":17,"f:71:22:71:45":9,"s:72:19:72:Infinity":18,"s:73:2:73:Infinity":19,"f:77:22:77:65":10,"s:78:19:78:Infinity":20,"s:79:2:79:Infinity":21,"f:83:22:83:64":11,"s:84:19:84:Infinity":22,"s:85:2:85:Infinity":23,"f:89:22:89:39":12,"s:90:19:90:Infinity":24,"s:91:2:91:Infinity":25,"f:95:22:95:40":13,"s:96:19:96:Infinity":26,"s:97:2:97:Infinity":27,"f:101:22:101:41":14,"s:102:19:102:Infinity":28,"s:103:2:103:Infinity":29}}}
,"/home/seneca/Main/Study/8 sem/SystemAnalysis/AeroGuys/frontend/src/api/airports.ts": {"path":"/home/seneca/Main/Study/8 sem/SystemAnalysis/AeroGuys/frontend/src/api/airports.ts","statementMap":{"0":{"start":{"line":6,"column":19},"end":{"line":6,"column":null}},"1":{"start":{"line":7,"column":2},"end":{"line":7,"column":null}},"2":{"start":{"line":12,"column":19},"end":{"line":12,"column":null}},"3":{"start":{"line":13,"column":2},"end":{"line":13,"column":null}},"4":{"start":{"line":18,"column":19},"end":{"line":18,"column":null}},"5":{"start":{"line":19,"column":2},"end":{"line":19,"column":null}},"6":{"start":{"line":24,"column":19},"end":{"line":24,"column":null}},"7":{"start":{"line":25,"column":2},"end":{"line":25,"column":null}},"8":{"start":{"line":30,"column":19},"end":{"line":30,"column":null}},"9":{"start":{"line":31,"column":2},"end":{"line":31,"column":null}},"10":{"start":{"line":37,"column":19},"end":{"line":46,"column":null}},"11":{"start":{"line":41,"column":17},"end":{"line":41,"column":null}},"12":{"start":{"line":42,"column":8},"end":{"line":42,"column":null}},"13":{"start":{"line":42,"column":47},"end":{"line":42,"column":71}},"14":{"start":{"line":43,"column":6},"end":{"line":43,"column":null}},"15":{"start":{"line":43,"column":32},"end":{"line":43,"column":null}},"16":{"start":{"line":44,"column":6},"end":{"line":44,"column":null}},"17":{"start":{"line":47,"column":2},"end":{"line":47,"column":null}}},"fnMap":{"0":{"name":"getAirportStats","decl":{"start":{"line":5,"column":22},"end":{"line":5,"column":38}},"loc":{"start":{"line":5,"column":91},"end":{"line":8,"column":null}},"line":5},"1":{"name":"getAirportInfo","decl":{"start":{"line":11,"column":22},"end":{"line":11,"column":37}},"loc":{"start":{"line":11,"column":73},"end":{"line":14,"column":null}},"line":11},"2":{"name":"getAirportPeakHours","decl":{"start":{"line":17,"column":22},"end":{"line":17,"column":42}},"loc":{"start":{"line":17,"column":104},"end":{"line":20,"column":null}},"line":17},"3":{"name":"getAirportDestinations","decl":{"start":{"line":23,"column":22},"end":{"line":23,"column":45}},"loc":{"start":{"line":23,"column":111},"end":{"line":26,"column":null}},"line":23},"4":{"name":"getAirportDailyTrend","decl":{"start":{"line":29,"column":22},"end":{"line":29,"column":43}},"loc":{"start":{"line":29,"column":108},"end":{"line":32,"column":null}},"line":29},"5":{"name":"getAirportThroughput","decl":{"start":{"line":36,"column":22},"end":{"line":36,"column":43}},"loc":{"start":{"line":36,"column":114},"end":{"line":48,"column":null}},"line":36},"6":{"name":"(anonymous_6)","decl":{"start":{"line":40,"column":22},"end":{"line":40,"column":23}},"loc":{"start":{"line":40,"column":29},"end":{"line":45,"column":null}},"line":40},"7":{"name":"(anonymous_7)","decl":{"start":{"line":42,"column":40},"end":{"line":42,"column":41}},"loc":{"start":{"line":42,"column":47},"end":{"line":42,"column":71}},"line":42}},"branchMap":{"0":{"loc":{"start":{"line":43,"column":6},"end":{"line":43,"column":null}},"type":"if","locations":[{"start":{"line":43,"column":6},"end":{"line":43,"column":null}},{"start":{},"end":{}}],"line":43}},"s":{"0":3,"1":3,"2":2,"3":2,"4":2,"5":2,"6":1,"7":1,"8":1,"9":1,"10":2,"11":0,"12":0,"13":0,"14":0,"15":0,"16":0,"17":2},"f":{"0":3,"1":2,"2":2,"3":1,"4":1,"5":2,"6":0,"7":0},"b":{"0":[0,0]},"meta":{"lastBranch":1,"lastFunction":8,"lastStatement":18,"seen":{"f:5:22:5:38":0,"s:6:19:6:Infinity":0,"s:7:2:7:Infinity":1,"f:11:22:11:37":1,"s:12:19:12:Infinity":2,"s:13:2:13:Infinity":3,"f:17:22:17:42":2,"s:18:19:18:Infinity":4,"s:19:2:19:Infinity":5,"f:23:22:23:45":3,"s:24:19:24:Infinity":6,"s:25:2:25:Infinity":7,"f:29:22:29:43":4,"s:30:19:30:Infinity":8,"s:31:2:31:Infinity":9,"f:36:22:36:43":5,"s:37:19:46:Infinity":10,"f:40:22:40:23":6,"s:41:17:41:Infinity":11,"s:42:8:42:Infinity":12,"f:42:40:42:41":7,"s:42:47:42:71":13,"b:43:6:43:Infinity:undefined:undefined:undefined:undefined":0,"s:43:6:43:Infinity":14,"s:43:32:43:Infinity":15,"s:44:6:44:Infinity":16,"s:47:2:47:Infinity":17}}}
,"/home/seneca/Main/Study/8 sem/SystemAnalysis/AeroGuys/frontend/src/api/client.ts": {"path":"/home/seneca/Main/Study/8 sem/SystemAnalysis/AeroGuys/frontend/src/api/client.ts","statementMap":{"0":{"start":{"line":8,"column":18},"end":{"line":12,"column":null}},"1":{"start":{"line":15,"column":0},"end":{"line":23,"column":null}},"2":{"start":{"line":16,"column":16},"end":{"line":16,"column":null}},"3":{"start":{"line":18,"column":4},"end":{"line":20,"column":null}},"4":{"start":{"line":19,"column":6},"end":{"line":19,"column":null}},"5":{"start":{"line":21,"column":4},"end":{"line":21,"column":null}}},"fnMap":{"0":{"name":"(anonymous_0)","decl":{"start":{"line":16,"column":2},"end":{"line":16,"column":3}},"loc":{"start":{"line":16,"column":16},"end":{"line":16,"column":null}},"line":16},"1":{"name":"(anonymous_1)","decl":{"start":{"line":17,"column":2},"end":{"line":17,"column":3}},"loc":{"start":{"line":17,"column":22},"end":{"line":22,"column":null}},"line":17}},"branchMap":{"0":{"loc":{"start":{"line":9,"column":11},"end":{"line":9,"column":null}},"type":"binary-expr","locations":[{"start":{"line":9,"column":11},"end":{"line":9,"column":48}},{"start":{"line":9,"column":48},"end":{"line":9,"column":null}}],"line":9},"1":{"loc":{"start":{"line":18,"column":4},"end":{"line":20,"column":null}},"type":"if","locations":[{"start":{"line":18,"column":4},"end":{"line":20,"column":null}},{"start":{},"end":{}}],"line":18},"2":{"loc":{"start":{"line":19,"column":59},"end":{"line":19,"column":96}},"type":"binary-expr","locations":[{"start":{"line":19,"column":59},"end":{"line":19,"column":83}},{"start":{"line":19,"column":83},"end":{"line":19,"column":96}}],"line":19}},"s":{"0":3,"1":3,"2":0,"3":0,"4":0,"5":0},"f":{"0":0,"1":0},"b":{"0":[3,0],"1":[0,0],"2":[0,0]},"meta":{"lastBranch":3,"lastFunction":2,"lastStatement":6,"seen":{"s:8:18:12:Infinity":0,"b:9:11:9:48:9:48:9:Infinity":0,"s:15:0:23:Infinity":1,"f:16:2:16:3":0,"s:16:16:16:Infinity":2,"f:17:2:17:3":1,"b:18:4:20:Infinity:undefined:undefined:undefined:undefined":1,"s:18:4:20:Infinity":3,"s:19:6:19:Infinity":4,"b:19:59:19:83:19:83:19:96":2,"s:21:4:21:Infinity":5}}}
,"/home/seneca/Main/Study/8 sem/SystemAnalysis/AeroGuys/frontend/src/api/realtime.ts": {"path":"/home/seneca/Main/Study/8 sem/SystemAnalysis/AeroGuys/frontend/src/api/realtime.ts","statementMap":{"0":{"start":{"line":9,"column":19},"end":{"line":9,"column":null}},"1":{"start":{"line":10,"column":2},"end":{"line":10,"column":null}},"2":{"start":{"line":18,"column":19},"end":{"line":18,"column":null}},"3":{"start":{"line":19,"column":2},"end":{"line":19,"column":null}},"4":{"start":{"line":24,"column":19},"end":{"line":24,"column":null}},"5":{"start":{"line":25,"column":2},"end":{"line":25,"column":null}},"6":{"start":{"line":30,"column":19},"end":{"line":30,"column":null}},"7":{"start":{"line":31,"column":2},"end":{"line":31,"column":null}}},"fnMap":{"0":{"name":"getAirportBusyness","decl":{"start":{"line":5,"column":22},"end":{"line":5,"column":41}},"loc":{"start":{"line":8,"column":31},"end":{"line":11,"column":null}},"line":8},"1":{"name":"getCityBusyness","decl":{"start":{"line":14,"column":22},"end":{"line":14,"column":38}},"loc":{"start":{"line":17,"column":28},"end":{"line":20,"column":null}},"line":17},"2":{"name":"getFastestAircraft","decl":{"start":{"line":23,"column":22},"end":{"line":23,"column":41}},"loc":{"start":{"line":23,"column":99},"end":{"line":26,"column":null}},"line":23},"3":{"name":"getHighestAircraft","decl":{"start":{"line":29,"column":22},"end":{"line":29,"column":41}},"loc":{"start":{"line":29,"column":99},"end":{"line":32,"column":null}},"line":29}},"branchMap":{},"s":{"0":2,"1":2,"2":1,"3":1,"4":2,"5":2,"6":1,"7":1},"f":{"0":2,"1":1,"2":2,"3":1},"b":{},"meta":{"lastBranch":0,"lastFunction":4,"lastStatement":8,"seen":{"f:5:22:5:41":0,"s:9:19:9:Infinity":0,"s:10:2:10:Infinity":1,"f:14:22:14:38":1,"s:18:19:18:Infinity":2,"s:19:2:19:Infinity":3,"f:23:22:23:41":2,"s:24:19:24:Infinity":4,"s:25:2:25:Infinity":5,"f:29:22:29:41":3,"s:30:19:30:Infinity":6,"s:31:2:31:Infinity":7}}}
,"/home/seneca/Main/Study/8 sem/SystemAnalysis/AeroGuys/frontend/src/components/DataBlock.tsx": {"path":"/home/seneca/Main/Study/8 sem/SystemAnalysis/AeroGuys/frontend/src/components/DataBlock.tsx","statementMap":{"0":{"start":{"line":21,"column":2},"end":{"line":62,"column":null}},"1":{"start":{"line":50,"column":14},"end":{"line":55,"column":null}}},"fnMap":{"0":{"name":"SectionCard","decl":{"start":{"line":18,"column":16},"end":{"line":18,"column":28}},"loc":{"start":{"line":20,"column":21},"end":{"line":64,"column":null}},"line":20},"1":{"name":"(anonymous_1)","decl":{"start":{"line":49,"column":31},"end":{"line":49,"column":32}},"loc":{"start":{"line":50,"column":14},"end":{"line":55,"column":null}},"line":50}},"branchMap":{"0":{"loc":{"start":{"line":27,"column":13},"end":{"line":28,"column":null}},"type":"binary-expr","locations":[{"start":{"line":27,"column":13},"end":{"line":27,"column":null}},{"start":{"line":28,"column":14},"end":{"line":28,"column":null}}],"line":27},"1":{"loc":{"start":{"line":47,"column":9},"end":{"line":57,"column":null}},"type":"binary-expr","locations":[{"start":{"line":47,"column":9},"end":{"line":47,"column":null}},{"start":{"line":48,"column":10},"end":{"line":57,"column":null}}],"line":47},"2":{"loc":{"start":{"line":59,"column":9},"end":{"line":59,"column":null}},"type":"binary-expr","locations":[{"start":{"line":59,"column":9},"end":{"line":59,"column":21}},{"start":{"line":59,"column":21},"end":{"line":59,"column":30}},{"start":{"line":59,"column":30},"end":{"line":59,"column":null}}],"line":59},"3":{"loc":{"start":{"line":60,"column":9},"end":{"line":60,"column":null}},"type":"binary-expr","locations":[{"start":{"line":60,"column":9},"end":{"line":60,"column":21}},{"start":{"line":60,"column":21},"end":{"line":60,"column":31}},{"start":{"line":60,"column":31},"end":{"line":60,"column":null}}],"line":60}},"s":{"0":10,"1":24},"f":{"0":10,"1":24},"b":{"0":[10,1],"1":[10,4],"2":[10,6,1],"3":[10,6,5]},"meta":{"lastBranch":4,"lastFunction":2,"lastStatement":2,"seen":{"f:18:16:18:28":0,"s:21:2:62:Infinity":0,"b:27:13:27:Infinity:28:14:28:Infinity":0,"b:47:9:47:Infinity:48:10:57:Infinity":1,"f:49:31:49:32":1,"s:50:14:55:Infinity":1,"b:59:9:59:21:59:21:59:30:59:30:59:Infinity":2,"b:60:9:60:21:60:21:60:31:60:31:60:Infinity":3}}}
,"/home/seneca/Main/Study/8 sem/SystemAnalysis/AeroGuys/frontend/src/context/DataContext.tsx": {"path":"/home/seneca/Main/Study/8 sem/SystemAnalysis/AeroGuys/frontend/src/context/DataContext.tsx","statementMap":{"0":{"start":{"line":16,"column":20},"end":{"line":16,"column":null}},"1":{"start":{"line":18,"column":6},"end":{"line":22,"column":null}},"2":{"start":{"line":25,"column":30},"end":{"line":32,"column":null}},"3":{"start":{"line":26,"column":4},"end":{"line":31,"column":null}},"4":{"start":{"line":27,"column":21},"end":{"line":27,"column":null}},"5":{"start":{"line":28,"column":6},"end":{"line":28,"column":null}},"6":{"start":{"line":30,"column":6},"end":{"line":30,"column":null}},"7":{"start":{"line":36,"column":2},"end":{"line":47,"column":null}},"8":{"start":{"line":37,"column":4},"end":{"line":37,"column":null}},"9":{"start":{"line":37,"column":19},"end":{"line":37,"column":null}},"10":{"start":{"line":38,"column":4},"end":{"line":46,"column":null}},"11":{"start":{"line":39,"column":19},"end":{"line":39,"column":27}},"12":{"start":{"line":41,"column":8},"end":{"line":44,"column":null}},"13":{"start":{"line":42,"column":10},"end":{"line":42,"column":null}},"14":{"start":{"line":43,"column":10},"end":{"line":43,"column":null}},"15":{"start":{"line":50,"column":4},"end":{"line":50,"column":null}},"16":{"start":{"line":51,"column":4},"end":{"line":51,"column":null}},"17":{"start":{"line":55,"column":4},"end":{"line":55,"column":null}},"18":{"start":{"line":56,"column":4},"end":{"line":56,"column":null}},"19":{"start":{"line":59,"column":2},"end":{"line":62,"column":null}},"20":{"start":{"line":67,"column":2},"end":{"line":67,"column":null}}},"fnMap":{"0":{"name":"(anonymous_0)","decl":{"start":{"line":20,"column":18},"end":{"line":20,"column":24}},"loc":{"start":{"line":20,"column":24},"end":{"line":20,"column":null}},"line":20},"1":{"name":"(anonymous_1)","decl":{"start":{"line":21,"column":9},"end":{"line":21,"column":15}},"loc":{"start":{"line":21,"column":15},"end":{"line":21,"column":null}},"line":21},"2":{"name":"DataProvider","decl":{"start":{"line":24,"column":16},"end":{"line":24,"column":29}},"loc":{"start":{"line":24,"column":74},"end":{"line":64,"column":null}},"line":24},"3":{"name":"(anonymous_3)","decl":{"start":{"line":25,"column":60},"end":{"line":25,"column":66}},"loc":{"start":{"line":25,"column":66},"end":{"line":32,"column":3}},"line":25},"4":{"name":"(anonymous_4)","decl":{"start":{"line":36,"column":12},"end":{"line":36,"column":18}},"loc":{"start":{"line":36,"column":18},"end":{"line":47,"column":5}},"line":36},"5":{"name":"(anonymous_5)","decl":{"start":{"line":39,"column":12},"end":{"line":39,"column":13}},"loc":{"start":{"line":39,"column":19},"end":{"line":39,"column":27}},"line":39},"6":{"name":"(anonymous_6)","decl":{"start":{"line":40,"column":12},"end":{"line":40,"column":13}},"loc":{"start":{"line":40,"column":53},"end":{"line":45,"column":7}},"line":40},"7":{"name":"(anonymous_7)","decl":{"start":{"line":46,"column":13},"end":{"line":46,"column":19}},"loc":{"start":{"line":46,"column":19},"end":{"line":46,"column":65}},"line":46},"8":{"name":"setInitialized","decl":{"start":{"line":49,"column":11},"end":{"line":49,"column":26}},"loc":{"start":{"line":49,"column":42},"end":{"line":52,"column":null}},"line":49},"9":{"name":"reset","decl":{"start":{"line":54,"column":11},"end":{"line":54,"column":19}},"loc":{"start":{"line":54,"column":19},"end":{"line":57,"column":null}},"line":54},"10":{"name":"useDataContext","decl":{"start":{"line":66,"column":16},"end":{"line":66,"column":33}},"loc":{"start":{"line":66,"column":33},"end":{"line":68,"column":null}},"line":66}},"branchMap":{"0":{"loc":{"start":{"line":28,"column":13},"end":{"line":28,"column":null}},"type":"cond-expr","locations":[{"start":{"line":28,"column":23},"end":{"line":28,"column":57}},{"start":{"line":28,"column":57},"end":{"line":28,"column":null}}],"line":28},"1":{"loc":{"start":{"line":37,"column":4},"end":{"line":37,"column":null}},"type":"if","locations":[{"start":{"line":37,"column":4},"end":{"line":37,"column":null}},{"start":{},"end":{}}],"line":37},"2":{"loc":{"start":{"line":41,"column":8},"end":{"line":44,"column":null}},"type":"if","locations":[{"start":{"line":41,"column":8},"end":{"line":44,"column":null}},{"start":{},"end":{}}],"line":41}},"s":{"0":1,"1":1,"2":12,"3":7,"4":7,"5":7,"6":1,"7":12,"8":7,"9":4,"10":3,"11":3,"12":3,"13":2,"14":2,"15":2,"16":2,"17":1,"18":1,"19":12,"20":11},"f":{"0":0,"1":0,"2":12,"3":7,"4":7,"5":3,"6":3,"7":0,"8":2,"9":1,"10":11},"b":{"0":[4,3],"1":[4,3],"2":[2,1]},"meta":{"lastBranch":3,"lastFunction":11,"lastStatement":21,"seen":{"s:16:20:16:Infinity":0,"s:18:6:22:Infinity":1,"f:20:18:20:24":0,"f:21:9:21:15":1,"f:24:16:24:29":2,"s:25:30:32:Infinity":2,"f:25:60:25:66":3,"s:26:4:31:Infinity":3,"s:27:21:27:Infinity":4,"s:28:6:28:Infinity":5,"b:28:23:28:57:28:57:28:Infinity":0,"s:30:6:30:Infinity":6,"s:36:2:47:Infinity":7,"f:36:12:36:18":4,"b:37:4:37:Infinity:undefined:undefined:undefined:undefined":1,"s:37:4:37:Infinity":8,"s:37:19:37:Infinity":9,"s:38:4:46:Infinity":10,"f:39:12:39:13":5,"s:39:19:39:27":11,"f:40:12:40:13":6,"b:41:8:44:Infinity:undefined:undefined:undefined:undefined":2,"s:41:8:44:Infinity":12,"s:42:10:42:Infinity":13,"s:43:10:43:Infinity":14,"f:46:13:46:19":7,"f:49:11:49:26":8,"s:50:4:50:Infinity":15,"s:51:4:51:Infinity":16,"f:54:11:54:19":9,"s:55:4:55:Infinity":17,"s:56:4:56:Infinity":18,"s:59:2:62:Infinity":19,"f:66:16:66:33":10,"s:67:2:67:Infinity":20}}}
,"/home/seneca/Main/Study/8 sem/SystemAnalysis/AeroGuys/frontend/src/hooks/useApi.ts": {"path":"/home/seneca/Main/Study/8 sem/SystemAnalysis/AeroGuys/frontend/src/hooks/useApi.ts","statementMap":{"0":{"start":{"line":23,"column":22},"end":{"line":23,"column":null}},"1":{"start":{"line":24,"column":28},"end":{"line":24,"column":null}},"2":{"start":{"line":25,"column":24},"end":{"line":25,"column":null}},"3":{"start":{"line":26,"column":22},"end":{"line":26,"column":null}},"4":{"start":{"line":28,"column":8},"end":{"line":28,"column":null}},"5":{"start":{"line":28,"column":36},"end":{"line":28,"column":59}},"6":{"start":{"line":28,"column":51},"end":{"line":28,"column":56}},"7":{"start":{"line":30,"column":2},"end":{"line":48,"column":null}},"8":{"start":{"line":31,"column":20},"end":{"line":31,"column":null}},"9":{"start":{"line":32,"column":4},"end":{"line":32,"column":null}},"10":{"start":{"line":33,"column":4},"end":{"line":33,"column":null}},"11":{"start":{"line":35,"column":4},"end":{"line":43,"column":null}},"12":{"start":{"line":36,"column":26},"end":{"line":36,"column":58}},"13":{"start":{"line":36,"column":42},"end":{"line":36,"column":58}},"14":{"start":{"line":38,"column":8},"end":{"line":41,"column":null}},"15":{"start":{"line":39,"column":22},"end":{"line":39,"column":null}},"16":{"start":{"line":40,"column":10},"end":{"line":40,"column":null}},"17":{"start":{"line":43,"column":23},"end":{"line":43,"column":57}},"18":{"start":{"line":43,"column":39},"end":{"line":43,"column":57}},"19":{"start":{"line":45,"column":4},"end":{"line":45,"column":null}},"20":{"start":{"line":45,"column":19},"end":{"line":45,"column":36}},"21":{"start":{"line":50,"column":2},"end":{"line":50,"column":null}}},"fnMap":{"0":{"name":"useApi","decl":{"start":{"line":19,"column":16},"end":{"line":19,"column":null}},"loc":{"start":{"line":22,"column":15},"end":{"line":51,"column":null}},"line":22},"1":{"name":"(anonymous_1)","decl":{"start":{"line":28,"column":30},"end":{"line":28,"column":36}},"loc":{"start":{"line":28,"column":36},"end":{"line":28,"column":59}},"line":28},"2":{"name":"(anonymous_2)","decl":{"start":{"line":28,"column":44},"end":{"line":28,"column":45}},"loc":{"start":{"line":28,"column":51},"end":{"line":28,"column":56}},"line":28},"3":{"name":"(anonymous_3)","decl":{"start":{"line":30,"column":12},"end":{"line":30,"column":18}},"loc":{"start":{"line":30,"column":18},"end":{"line":48,"column":5}},"line":30},"4":{"name":"(anonymous_4)","decl":{"start":{"line":36,"column":12},"end":{"line":36,"column":13}},"loc":{"start":{"line":36,"column":24},"end":{"line":36,"column":59}},"line":36},"5":{"name":"(anonymous_5)","decl":{"start":{"line":37,"column":13},"end":{"line":37,"column":14}},"loc":{"start":{"line":37,"column":31},"end":{"line":42,"column":7}},"line":37},"6":{"name":"(anonymous_6)","decl":{"start":{"line":43,"column":15},"end":{"line":43,"column":21}},"loc":{"start":{"line":43,"column":21},"end":{"line":43,"column":58}},"line":43},"7":{"name":"(anonymous_7)","decl":{"start":{"line":45,"column":11},"end":{"line":45,"column":17}},"loc":{"start":{"line":45,"column":17},"end":{"line":45,"column":null}},"line":45}},"branchMap":{"0":{"loc":{"start":{"line":21,"column":2},"end":{"line":21,"column":null}},"type":"default-arg","locations":[{"start":{"line":21,"column":20},"end":{"line":21,"column":null}}],"line":21},"1":{"loc":{"start":{"line":36,"column":26},"end":{"line":36,"column":58}},"type":"if","locations":[{"start":{"line":36,"column":26},"end":{"line":36,"column":58}},{"start":{},"end":{}}],"line":36},"2":{"loc":{"start":{"line":38,"column":8},"end":{"line":41,"column":null}},"type":"if","locations":[{"start":{"line":38,"column":8},"end":{"line":41,"column":null}},{"start":{},"end":{}}],"line":38},"3":{"loc":{"start":{"line":39,"column":22},"end":{"line":39,"column":null}},"type":"cond-expr","locations":[{"start":{"line":39,"column":45},"end":{"line":39,"column":59}},{"start":{"line":39,"column":59},"end":{"line":39,"column":null}}],"line":39},"4":{"loc":{"start":{"line":43,"column":23},"end":{"line":43,"column":57}},"type":"if","locations":[{"start":{"line":43,"column":23},"end":{"line":43,"column":57}},{"start":{},"end":{}}],"line":43}},"s":{"0":22,"1":22,"2":22,"3":22,"4":22,"5":2,"6":2,"7":22,"8":10,"9":10,"10":10,"11":10,"12":6,"13":6,"14":3,"15":3,"16":3,"17":9,"18":9,"19":10,"20":10,"21":22},"f":{"0":22,"1":2,"2":2,"3":10,"4":6,"5":3,"6":9,"7":10},"b":{"0":[22],"1":[6,0],"2":[3,0],"3":[2,1],"4":[9,0]},"meta":{"lastBranch":5,"lastFunction":8,"lastStatement":22,"seen":{"f:19:16:19:Infinity":0,"b:21:20:21:Infinity":0,"s:23:22:23:Infinity":0,"s:24:28:24:Infinity":1,"s:25:24:25:Infinity":2,"s:26:22:26:Infinity":3,"s:28:8:28:Infinity":4,"f:28:30:28:36":1,"s:28:36:28:59":5,"f:28:44:28:45":2,"s:28:51:28:56":6,"s:30:2:48:Infinity":7,"f:30:12:30:18":3,"s:31:20:31:Infinity":8,"s:32:4:32:Infinity":9,"s:33:4:33:Infinity":10,"s:35:4:43:Infinity":11,"f:36:12:36:13":4,"b:36:26:36:58:undefined:undefined:undefined:undefined":1,"s:36:26:36:58":12,"s:36:42:36:58":13,"f:37:13:37:14":5,"b:38:8:41:Infinity:undefined:undefined:undefined:undefined":2,"s:38:8:41:Infinity":14,"s:39:22:39:Infinity":15,"b:39:45:39:59:39:59:39:Infinity":3,"s:40:10:40:Infinity":16,"f:43:15:43:21":6,"b:43:23:43:57:undefined:undefined:undefined:undefined":4,"s:43:23:43:57":17,"s:43:39:43:57":18,"s:45:4:45:Infinity":19,"f:45:11:45:17":7,"s:45:19:45:36":20,"s:50:2:50:Infinity":21}}}
}
